Using pre-set license
Built from '2022.3/release' branch; Version is '2022.3.5f1 (9674261d40ee) revision 9860134'; Using compiler version '192829333'; Build Type 'Release'
OS: 'Windows 10  (10.0.19045) 64bit Professional' Language: 'en' Physical Memory: 7956 MB
BatchMode: 1, IsHumanControllingUs: 0, StartBugReporterOnCrash: 0, Is64bit: 1, IsPro: 1

COMMAND LINE ARGUMENTS:
C:\Program Files\Unity\Hub\Editor\2022.3.5f1\Editor\Unity.exe
-adb2
-batchMode
-noUpm
-name
AssetImportWorker1
-projectPath
D:/Work()/.projects/Space_Carnage/SpaceCarnage
-logFile
Logs/AssetImportWorker1.log
-srvPort
54678
Successfully changed project path to: D:/Work()/.projects/Space_Carnage/SpaceCarnage
D:/Work()/.projects/Space_Carnage/SpaceCarnage
[UnityMemory] Configuration Parameters - Can be set up in boot.config
    "memorysetup-bucket-allocator-granularity=16"
    "memorysetup-bucket-allocator-bucket-count=8"
    "memorysetup-bucket-allocator-block-size=33554432"
    "memorysetup-bucket-allocator-block-count=8"
    "memorysetup-main-allocator-block-size=16777216"
    "memorysetup-thread-allocator-block-size=16777216"
    "memorysetup-gfx-main-allocator-block-size=16777216"
    "memorysetup-gfx-thread-allocator-block-size=16777216"
    "memorysetup-cache-allocator-block-size=4194304"
    "memorysetup-typetree-allocator-block-size=2097152"
    "memorysetup-profiler-bucket-allocator-granularity=16"
    "memorysetup-profiler-bucket-allocator-bucket-count=8"
    "memorysetup-profiler-bucket-allocator-block-size=33554432"
    "memorysetup-profiler-bucket-allocator-block-count=8"
    "memorysetup-profiler-allocator-block-size=16777216"
    "memorysetup-profiler-editor-allocator-block-size=1048576"
    "memorysetup-temp-allocator-size-main=16777216"
    "memorysetup-job-temp-allocator-block-size=2097152"
    "memorysetup-job-temp-allocator-block-size-background=1048576"
    "memorysetup-job-temp-allocator-reduction-small-platforms=262144"
    "memorysetup-allocator-temp-initial-block-size-main=262144"
    "memorysetup-allocator-temp-initial-block-size-worker=262144"
    "memorysetup-temp-allocator-size-background-worker=32768"
    "memorysetup-temp-allocator-size-job-worker=262144"
    "memorysetup-temp-allocator-size-preload-manager=33554432"
    "memorysetup-temp-allocator-size-nav-mesh-worker=65536"
    "memorysetup-temp-allocator-size-audio-worker=65536"
    "memorysetup-temp-allocator-size-cloud-worker=32768"
    "memorysetup-temp-allocator-size-gi-baking-worker=262144"
    "memorysetup-temp-allocator-size-gfx=262144"
Player connection [12904] Host "[IP] 192.168.204.1 [Port] 0 [Flags] 2 [Guid] 3230702700 [EditorId] 3230702700 [Version] 1048832 [Id] WindowsEditor(7,5PN0242) [Debug] 1 [PackageName] WindowsEditor [ProjectName] Editor" joined multi-casting on [225.0.0.222:54997]...

Player connection [12904] Host "[IP] 192.168.204.1 [Port] 0 [Flags] 2 [Guid] 3230702700 [EditorId] 3230702700 [Version] 1048832 [Id] WindowsEditor(7,5PN0242) [Debug] 1 [PackageName] WindowsEditor [ProjectName] Editor" joined alternative multi-casting on [225.0.0.222:34997]...

Refreshing native plugins compatible for Editor in 30.68 ms, found 4 plugins.
Preloading 0 native plugins for Editor in 0.00 ms.
Initialize engine version: 2022.3.5f1 (9674261d40ee)
[Subsystems] Discovering subsystems at path C:/Program Files/Unity/Hub/Editor/2022.3.5f1/Editor/Data/Resources/UnitySubsystems
[Subsystems] Discovering subsystems at path D:/Work()/.projects/Space_Carnage/SpaceCarnage/Assets
GfxDevice: creating device client; threaded=0; jobified=0
Direct3D:
    Version:  Direct3D 11.0 [level 11.1]
    Renderer: Radeon (TM) 530 (ID=0x6900)
    Vendor:   ATI
    VRAM:     2038 MB
    Driver:   27.20.20913.2000
Initialize mono
Mono path[0] = 'C:/Program Files/Unity/Hub/Editor/2022.3.5f1/Editor/Data/Managed'
Mono path[1] = 'C:/Program Files/Unity/Hub/Editor/2022.3.5f1/Editor/Data/MonoBleedingEdge/lib/mono/unityjit-win32'
Mono config path = 'C:/Program Files/Unity/Hub/Editor/2022.3.5f1/Editor/Data/MonoBleedingEdge/etc'
Using monoOptions --debugger-agent=transport=dt_socket,embedding=1,server=y,suspend=n,address=127.0.0.1:56884
Begin MonoManager ReloadAssembly
Registering precompiled unity dll's ...
Register platform support module: C:/Program Files/Unity/Hub/Editor/2022.3.5f1/Editor/Data/PlaybackEngines/WebGLSupport/UnityEditor.WebGL.Extensions.dll
Register platform support module: C:/Program Files/Unity/Hub/Editor/2022.3.5f1/Editor/Data/PlaybackEngines/AndroidPlayer/UnityEditor.Android.Extensions.dll
Register platform support module: C:/Program Files/Unity/Hub/Editor/2022.3.5f1/Editor/Data/PlaybackEngines/WindowsStandaloneSupport/UnityEditor.WindowsStandalone.Extensions.dll
Register platform support module: C:/Program Files/Unity/Hub/Editor/2022.3.5f1/Editor/Data/PlaybackEngines/MetroSupport/UnityEditor.UWP.Extensions.dll
Registered in 1.678387 seconds.
- Loaded All Assemblies, in  9.404 seconds
Native extension for UWP target not found
Native extension for WindowsStandalone target not found
Native extension for Android target not found
Android Extension - Scanning For ADB Devices 1333 ms
Native extension for WebGL target not found
Mono: successfully reloaded assembly
- Finished resetting the current domain, in  3.223 seconds
Domain Reload Profiling: 12620ms
	BeginReloadAssembly (345ms)
		ExecutionOrderSort (0ms)
		DisableScriptedObjects (0ms)
		BackupInstance (0ms)
		ReleaseScriptingObjects (0ms)
		CreateAndSetChildDomain (2ms)
	RebuildCommonClasses (2152ms)
	RebuildNativeTypeToScriptingClass (129ms)
	initialDomainReloadingComplete (1935ms)
	LoadAllAssembliesAndSetupDomain (4835ms)
		LoadAssemblies (342ms)
		RebuildTransferFunctionScriptingTraits (0ms)
		AnalyzeDomain (4808ms)
			TypeCache.Refresh (4806ms)
				TypeCache.ScanAssembly (3844ms)
			ScanForSourceGeneratedMonoScriptInfo (1ms)
			ResolveRequiredComponents (2ms)
	FinalizeReload (3224ms)
		ReleaseScriptCaches (0ms)
		RebuildScriptCaches (0ms)
		SetupLoadedEditorAssemblies (3022ms)
			LogAssemblyErrors (0ms)
			InitializePlatformSupportModulesInManaged (2353ms)
			SetLoadedEditorAssemblies (15ms)
			RefreshPlugins (0ms)
			BeforeProcessingInitializeOnLoad (9ms)
			ProcessInitializeOnLoadAttributes (438ms)
			ProcessInitializeOnLoadMethodAttributes (207ms)
			AfterProcessingInitializeOnLoad (0ms)
			EditorAssembliesLoaded (0ms)
		ExecutionOrderSort2 (0ms)
		AwakeInstancesAfterBackupRestoration (0ms)
========================================================================
Worker process is ready to serve import requests
Begin MonoManager ReloadAssembly
Symbol file LoadedFromMemory doesn't match image D:\Work()\.projects\Space_Carnage\SpaceCarnage\Library\PackageCache\com.unity.visualscripting@1.8.0\Editor\VisualScripting.Core\Dependencies\YamlDotNet\Unity.VisualScripting.YamlDotNet.dll
Symbol file LoadedFromMemory doesn't match image D:\Work()\.projects\Space_Carnage\SpaceCarnage\Library\PackageCache\com.unity.visualscripting@1.8.0\Editor\VisualScripting.Core\Dependencies\DotNetZip\Unity.VisualScripting.IonicZip.dll
- Loaded All Assemblies, in 31.952 seconds
Refreshing native plugins compatible for Editor in 262.69 ms, found 4 plugins.
Native extension for UWP target not found
Native extension for WindowsStandalone target not found
Native extension for Android target not found
Native extension for WebGL target not found
Mono: successfully reloaded assembly
- Finished resetting the current domain, in  4.790 seconds
Domain Reload Profiling: 36689ms
	BeginReloadAssembly (525ms)
		ExecutionOrderSort (0ms)
		DisableScriptedObjects (23ms)
		BackupInstance (0ms)
		ReleaseScriptingObjects (0ms)
		CreateAndSetChildDomain (51ms)
	RebuildCommonClasses (138ms)
	RebuildNativeTypeToScriptingClass (43ms)
	initialDomainReloadingComplete (296ms)
	LoadAllAssembliesAndSetupDomain (30896ms)
		LoadAssemblies (27580ms)
		RebuildTransferFunctionScriptingTraits (0ms)
		AnalyzeDomain (3599ms)
			TypeCache.Refresh (3447ms)
				TypeCache.ScanAssembly (3130ms)
			ScanForSourceGeneratedMonoScriptInfo (120ms)
			ResolveRequiredComponents (32ms)
	FinalizeReload (4792ms)
		ReleaseScriptCaches (0ms)
		RebuildScriptCaches (0ms)
		SetupLoadedEditorAssemblies (3571ms)
			LogAssemblyErrors (0ms)
			InitializePlatformSupportModulesInManaged (184ms)
			SetLoadedEditorAssemblies (26ms)
			RefreshPlugins (0ms)
			BeforeProcessingInitializeOnLoad (917ms)
			ProcessInitializeOnLoadAttributes (1909ms)
			ProcessInitializeOnLoadMethodAttributes (477ms)
			AfterProcessingInitializeOnLoad (57ms)
			EditorAssembliesLoaded (1ms)
		ExecutionOrderSort2 (0ms)
		AwakeInstancesAfterBackupRestoration (75ms)
Launched and connected shader compiler UnityShaderCompiler.exe after 0.35 seconds
Refreshing native plugins compatible for Editor in 159.22 ms, found 4 plugins.
Preloading 0 native plugins for Editor in 0.00 ms.
Unloading 4012 Unused Serialized files (Serialized files now loaded: 0)
Unloading 63 unused Assets / (60.8 KB). Loaded Objects now: 4481.
Memory consumption went from 145.8 MB to 145.7 MB.
Total: 15.090400 ms (FindLiveObjects: 0.593500 ms CreateObjectMapping: 0.583000 ms MarkObjects: 12.603000 ms  DeleteObjects: 1.308000 ms)

AssetImportParameters requested are different than current active one (requested -> active):
  custom:container-demuxer-ogg: 62fdf1f143b41e24485cea50d1cbac27 -> 
  custom:video-decoder-ogg-theora: a1e56fd34408186e4bbccfd4996cb3dc -> 
  custom:framework-win-MediaFoundation: 216162199b28c13a410421893ffa2e32 -> 
  custom:CustomObjectIndexerAttribute: 756ad292c208cfabdd7b50bc23989ffe -> 
  custom:container-demuxer-webm: 4f35f7cbe854078d1ac9338744f61a02 -> 
  custom:container-muxer-webm: aa71ff27fc2769a1b78a27578f13a17b -> 
  custom:video-decoder-webm-vp8: 9c59270c3fd7afecdb556c50c9e8de78 -> 
  custom:AudioImporter_EditorPlatform: d09bf68614088b80899f8185d706f6e7 -> 
  custom:video-encoder-webm-vp8: eb34c28f22e8b96e1ab97ce403110664 -> 
  custom:audio-decoder-ogg-vorbis: bf7c407c2cedff20999df2af8eb42d56 -> 
  custom:audio-encoder-webm-vorbis: bf7c407c2cedff20999df2af8eb42d56 -> 
========================================================================
Received Import Request.
  Time since last request: 882.183371 seconds.
  path: Assets/Sounds/Button press.mp3
  artifactKey: Guid(437f9c81a150d8a44a117733ee85d1be) Importer(815301076,1909f56bfc062723c751e8b465ee728b)
Start importing Assets/Sounds/Button press.mp3 using Guid(437f9c81a150d8a44a117733ee85d1be) Importer(815301076,1909f56bfc062723c751e8b465ee728b)  -> (artifact id: 'e4a9779f3749ab6900313a5f79a5ef14') in 0.425320 seconds
Number of updated asset objects reloaded before import = 0
Number of asset objects unloaded after import = 2
========================================================================
Received Import Request.
  Time since last request: 0.000073 seconds.
  path: Assets/Sounds/Bg music.mp3
  artifactKey: Guid(1485429cac287104fa5fbff146fc2079) Importer(815301076,1909f56bfc062723c751e8b465ee728b)
Start importing Assets/Sounds/Bg music.mp3 using Guid(1485429cac287104fa5fbff146fc2079) Importer(815301076,1909f56bfc062723c751e8b465ee728b)  -> (artifact id: 'b7e606dc39a38f6abb50efa7c8582dd4') in 0.068471 seconds
Number of updated asset objects reloaded before import = 0
Number of asset objects unloaded after import = 2
========================================================================
Received Import Request.
  Time since last request: 1666.498997 seconds.
  path: Assets/Scripts/LoadScene.cs
  artifactKey: Guid(09ea69b9eca686c45bf5a989d780f947) Importer(815301076,1909f56bfc062723c751e8b465ee728b)
Start importing Assets/Scripts/LoadScene.cs using Guid(09ea69b9eca686c45bf5a989d780f947) Importer(815301076,1909f56bfc062723c751e8b465ee728b)  -> (artifact id: '4b100a69fe20f25ad1013576cb56a29e') in 0.002101 seconds
Number of updated asset objects reloaded before import = 0
Number of asset objects unloaded after import = 0
========================================================================
Received Import Request.
  Time since last request: 134.893875 seconds.
  path: Assets/Scripts/LoadScene.cs
  artifactKey: Guid(09ea69b9eca686c45bf5a989d780f947) Importer(815301076,1909f56bfc062723c751e8b465ee728b)
Start importing Assets/Scripts/LoadScene.cs using Guid(09ea69b9eca686c45bf5a989d780f947) Importer(815301076,1909f56bfc062723c751e8b465ee728b)  -> (artifact id: '22eec3fcece4bc6d3dc3d5241da3c358') in 0.004674 seconds
Number of updated asset objects reloaded before import = 0
Number of asset objects unloaded after import = 0
========================================================================
Received Import Request.
  Time since last request: 8.284336 seconds.
  path: Assets/Scripts/LoadScene.cs
  artifactKey: Guid(09ea69b9eca686c45bf5a989d780f947) Importer(815301076,1909f56bfc062723c751e8b465ee728b)
Start importing Assets/Scripts/LoadScene.cs using Guid(09ea69b9eca686c45bf5a989d780f947) Importer(815301076,1909f56bfc062723c751e8b465ee728b)  -> (artifact id: '00000000000000000000000000000000') in 0.013094 seconds
Import Error Code:(4)
Message: Build asset version error: assets/scripts/loadscene.cs in SourceAssetDB has modification time of '2023-09-06T17:51:56.7019728Z' while content on disk has modification time of '2023-09-06T17:52:01.0685928Z'
  ERROR: Build asset version error: assets/scripts/loadscene.cs in SourceAssetDB has modification time of '2023-09-06T17:51:56.7019728Z' while content on disk has modification time of '2023-09-06T17:52:01.0685928Z'
Number of updated asset objects reloaded before import = 0
Number of asset objects unloaded after import = 0
========================================================================
Received Import Request.
  Time since last request: 0.096522 seconds.
  path: Assets/Scripts/LoadScene.cs
  artifactKey: Guid(09ea69b9eca686c45bf5a989d780f947) Importer(815301076,1909f56bfc062723c751e8b465ee728b)
Start importing Assets/Scripts/LoadScene.cs using Guid(09ea69b9eca686c45bf5a989d780f947) Importer(815301076,1909f56bfc062723c751e8b465ee728b)  -> (artifact id: '00000000000000000000000000000000') in 0.024025 seconds
Import Error Code:(4)
Message: Build asset version error: assets/scripts/loadscene.cs in SourceAssetDB has modification time of '2023-09-06T17:51:56.7019728Z' while content on disk has modification time of '2023-09-06T17:52:01.0685928Z'
  ERROR: Build asset version error: assets/scripts/loadscene.cs in SourceAssetDB has modification time of '2023-09-06T17:51:56.7019728Z' while content on disk has modification time of '2023-09-06T17:52:01.0685928Z'
Number of updated asset objects reloaded before import = 0
Number of asset objects unloaded after import = 0
========================================================================
Received Import Request.
  Time since last request: 0.715332 seconds.
  path: Assets/Scripts/LoadScene.cs
  artifactKey: Guid(09ea69b9eca686c45bf5a989d780f947) Importer(815301076,1909f56bfc062723c751e8b465ee728b)
Start importing Assets/Scripts/LoadScene.cs using Guid(09ea69b9eca686c45bf5a989d780f947) Importer(815301076,1909f56bfc062723c751e8b465ee728b)  -> (artifact id: 'bf216f2ee209935b801aa11caa379925') in 0.001847 seconds
Number of updated asset objects reloaded before import = 0
Number of asset objects unloaded after import = 0
========================================================================
Received Import Request.
  Time since last request: 19.376653 seconds.
  path: Assets/Scripts/LoadScene.cs
  artifactKey: Guid(09ea69b9eca686c45bf5a989d780f947) Importer(815301076,1909f56bfc062723c751e8b465ee728b)
Start importing Assets/Scripts/LoadScene.cs using Guid(09ea69b9eca686c45bf5a989d780f947) Importer(815301076,1909f56bfc062723c751e8b465ee728b)  -> (artifact id: '123019a09d1e763004d95182d1fec672') in 0.002024 seconds
Number of updated asset objects reloaded before import = 0
Number of asset objects unloaded after import = 0
========================================================================
Received Import Request.
  Time since last request: 10.170794 seconds.
  path: Assets/Scripts/LoadScene.cs
  artifactKey: Guid(09ea69b9eca686c45bf5a989d780f947) Importer(815301076,1909f56bfc062723c751e8b465ee728b)
Start importing Assets/Scripts/LoadScene.cs using Guid(09ea69b9eca686c45bf5a989d780f947) Importer(815301076,1909f56bfc062723c751e8b465ee728b)  -> (artifact id: '6bf48b090365dfa4bdf5c64d935df9e7') in 0.059062 seconds
Number of updated asset objects reloaded before import = 0
Number of asset objects unloaded after import = 0
========================================================================
Received Import Request.
  Time since last request: 441.333212 seconds.
  path: Assets/Scenes/Menu.unity
  artifactKey: Guid(6693eccdb9384ed4d8b7ff9c19eb7372) Importer(815301076,1909f56bfc062723c751e8b465ee728b)
Start importing Assets/Scenes/Menu.unity using Guid(6693eccdb9384ed4d8b7ff9c19eb7372) Importer(815301076,1909f56bfc062723c751e8b465ee728b)  -> (artifact id: 'c511f701f3645c0ec7e5a8101f0789d2') in 0.004629 seconds
Number of updated asset objects reloaded before import = 0
Number of asset objects unloaded after import = 0
========================================================================
Received Import Request.
  Time since last request: 8.386567 seconds.
  path: Assets/Scenes/Game.unity
  artifactKey: Guid(2cda990e2423bbf4892e6590ba056729) Importer(815301076,1909f56bfc062723c751e8b465ee728b)
Start importing Assets/Scenes/Game.unity using Guid(2cda990e2423bbf4892e6590ba056729) Importer(815301076,1909f56bfc062723c751e8b465ee728b)  -> (artifact id: 'b973b137a99cf21dac3ca12b869875fd') in 0.002145 seconds
Number of updated asset objects reloaded before import = 0
Number of asset objects unloaded after import = 0
========================================================================
Received Import Request.
  Time since last request: 22.281209 seconds.
  path: Assets/Scenes/Game.unity
  artifactKey: Guid(2cda990e2423bbf4892e6590ba056729) Importer(815301076,1909f56bfc062723c751e8b465ee728b)
Start importing Assets/Scenes/Game.unity using Guid(2cda990e2423bbf4892e6590ba056729) Importer(815301076,1909f56bfc062723c751e8b465ee728b)  -> (artifact id: 'b52da7b33d195825602a3af492b98e87') in 0.001011 seconds
Number of updated asset objects reloaded before import = 0
Number of asset objects unloaded after import = 0
========================================================================
Received Import Request.
  Time since last request: 1.073927 seconds.
  path: Assets/Scenes/Game over.unity
  artifactKey: Guid(81a0ad3b78d2e3b46be9cb75f4d047b5) Importer(815301076,1909f56bfc062723c751e8b465ee728b)
Start importing Assets/Scenes/Game over.unity using Guid(81a0ad3b78d2e3b46be9cb75f4d047b5) Importer(815301076,1909f56bfc062723c751e8b465ee728b)  -> (artifact id: 'f95ae8c25a7488405a0cd606c5b14f76') in 0.048639 seconds
Number of updated asset objects reloaded before import = 0
Number of asset objects unloaded after import = 0
